[ 2022-12-04 10:18:15,902 ] 22 root - INFO - Exporting collection data as pandas dataframe
[ 2022-12-04 10:18:15,902 ] 18 root - INFO - Reading data from database: aps and collection: sensor
[ 2022-12-04 10:18:19,238 ] 20 root - INFO - Found columns: Index(['_id', 'class', 'aa_000', 'ab_000', 'ac_000', 'ad_000', 'ae_000',
       'af_000', 'ag_000', 'ag_001',
       ...
       'ee_002', 'ee_003', 'ee_004', 'ee_005', 'ee_006', 'ee_007', 'ee_008',
       'ee_009', 'ef_000', 'eg_000'],
      dtype='object', length=172)
[ 2022-12-04 10:18:19,238 ] 22 root - INFO - Dropping column: _id 
[ 2022-12-04 10:18:19,436 ] 24 root - INFO - Row and columns in df: (36188, 171)
[ 2022-12-04 10:18:19,436 ] 28 root - INFO - Save data in feature store
[ 2022-12-04 10:18:19,991 ] 34 root - INFO - Create feature store folder if not available
[ 2022-12-04 10:18:19,991 ] 38 root - INFO - Save df to feature store folder
[ 2022-12-04 10:18:22,340 ] 43 root - INFO - split dataset into train and test set
[ 2022-12-04 10:18:22,856 ] 47 root - INFO - create dataset directory folder if not available
[ 2022-12-04 10:18:22,856 ] 52 root - INFO - Save df to feature store folder
[ 2022-12-04 10:18:24,928 ] 64 root - INFO - Data ingestion artifact: DataIngestionArtifact(feature_store_file_path='/config/workspace/artifact/12042022__101815/data_ingestion/feature_store/sensor.csv', train_file_path='/config/workspace/artifact/12042022__101815/data_ingestion/dataset/train.csv', test_file_path='/config/workspace/artifact/12042022__101815/data_ingestion/dataset/test.csv')
[ 2022-12-04 10:18:25,295 ] 21 root - INFO - >>>>>>>>>>>>>>>>>>>>>>>>>>>>>>>>>>>>>>>> Data Validation <<<<<<<<<<<<<<<<<<<<<<<<<<<<<<<<<<<<<<<<
[ 2022-12-04 10:18:25,296 ] 110 root - INFO - Reading base dataframe
[ 2022-12-04 10:18:28,077 ] 113 root - INFO - Replace na value in base df
[ 2022-12-04 10:18:28,077 ] 115 root - INFO - Drop null values colums from base df
[ 2022-12-04 10:18:28,959 ] 44 root - INFO - selecting column name which contains null above to 0.2
[ 2022-12-04 10:18:28,960 ] 47 root - INFO - Columns to drop: ['ab_000', 'ad_000', 'bk_000', 'bl_000', 'bm_000', 'bn_000', 'bo_000', 'bp_000', 'bq_000', 'br_000', 'cf_000', 'cg_000', 'ch_000', 'co_000', 'cr_000', 'ct_000', 'cu_000', 'cv_000', 'cx_000', 'cy_000', 'cz_000', 'da_000', 'db_000', 'dc_000']
[ 2022-12-04 10:18:29,040 ] 118 root - INFO - Reading train dataframe
[ 2022-12-04 10:18:29,414 ] 120 root - INFO - Reading test dataframe
[ 2022-12-04 10:18:29,516 ] 123 root - INFO - Drop null values colums from train df
[ 2022-12-04 10:18:29,529 ] 44 root - INFO - selecting column name which contains null above to 0.2
[ 2022-12-04 10:18:29,530 ] 47 root - INFO - Columns to drop: ['ab_000', 'ad_000', 'bk_000', 'bl_000', 'bm_000', 'bn_000', 'bo_000', 'bp_000', 'bq_000', 'br_000', 'cf_000', 'cg_000', 'ch_000', 'co_000', 'cr_000', 'ct_000', 'cu_000', 'cv_000', 'cx_000', 'cy_000', 'cz_000', 'da_000', 'db_000', 'dc_000']
[ 2022-12-04 10:18:29,540 ] 125 root - INFO - Drop null values colums from test df
[ 2022-12-04 10:18:29,544 ] 44 root - INFO - selecting column name which contains null above to 0.2
[ 2022-12-04 10:18:29,545 ] 47 root - INFO - Columns to drop: ['ab_000', 'ad_000', 'bk_000', 'bl_000', 'bm_000', 'bn_000', 'bo_000', 'bp_000', 'bq_000', 'br_000', 'cf_000', 'cg_000', 'ch_000', 'co_000', 'cr_000', 'ct_000', 'cu_000', 'cv_000', 'cx_000', 'cy_000', 'cz_000', 'da_000', 'db_000', 'dc_000']
[ 2022-12-04 10:18:35,576 ] 134 root - INFO - Is all required columns present in train df
[ 2022-12-04 10:18:35,576 ] 136 root - INFO - Is all required columns present in test df
[ 2022-12-04 10:18:35,577 ] 140 root - INFO - As all column are available in train df hence detecting data drift
[ 2022-12-04 10:18:35,577 ] 88 root - INFO - Hypothesis class: object, object 
[ 2022-12-04 10:18:35,709 ] 88 root - INFO - Hypothesis aa_000: float64, float64 
[ 2022-12-04 10:18:35,749 ] 88 root - INFO - Hypothesis ac_000: float64, float64 
[ 2022-12-04 10:18:35,787 ] 88 root - INFO - Hypothesis ae_000: float64, float64 
[ 2022-12-04 10:18:35,822 ] 88 root - INFO - Hypothesis af_000: float64, float64 
[ 2022-12-04 10:18:35,857 ] 88 root - INFO - Hypothesis ag_000: float64, float64 
[ 2022-12-04 10:18:35,891 ] 88 root - INFO - Hypothesis ag_001: float64, float64 
[ 2022-12-04 10:18:35,926 ] 88 root - INFO - Hypothesis ag_002: float64, float64 
[ 2022-12-04 10:18:35,961 ] 88 root - INFO - Hypothesis ag_003: float64, float64 
[ 2022-12-04 10:18:35,997 ] 88 root - INFO - Hypothesis ag_004: float64, float64 
[ 2022-12-04 10:18:36,039 ] 88 root - INFO - Hypothesis ag_005: float64, float64 
[ 2022-12-04 10:18:36,082 ] 88 root - INFO - Hypothesis ag_006: float64, float64 
[ 2022-12-04 10:18:36,094 ] 88 root - INFO - Hypothesis ag_007: float64, float64 
[ 2022-12-04 10:18:36,134 ] 88 root - INFO - Hypothesis ag_008: float64, float64 
[ 2022-12-04 10:18:36,173 ] 88 root - INFO - Hypothesis ag_009: float64, float64 
[ 2022-12-04 10:18:36,211 ] 88 root - INFO - Hypothesis ah_000: float64, float64 
[ 2022-12-04 10:18:36,252 ] 88 root - INFO - Hypothesis ai_000: float64, float64 
[ 2022-12-04 10:18:36,288 ] 88 root - INFO - Hypothesis aj_000: float64, float64 
[ 2022-12-04 10:18:36,325 ] 88 root - INFO - Hypothesis ak_000: float64, float64 
[ 2022-12-04 10:18:36,360 ] 88 root - INFO - Hypothesis al_000: float64, float64 
[ 2022-12-04 10:18:36,400 ] 88 root - INFO - Hypothesis am_0: float64, float64 
[ 2022-12-04 10:18:36,440 ] 88 root - INFO - Hypothesis an_000: float64, float64 
[ 2022-12-04 10:18:36,481 ] 88 root - INFO - Hypothesis ao_000: float64, float64 
[ 2022-12-04 10:18:36,522 ] 88 root - INFO - Hypothesis ap_000: float64, float64 
[ 2022-12-04 10:18:36,533 ] 88 root - INFO - Hypothesis aq_000: float64, float64 
[ 2022-12-04 10:18:36,575 ] 88 root - INFO - Hypothesis ar_000: float64, float64 
[ 2022-12-04 10:18:36,609 ] 88 root - INFO - Hypothesis as_000: float64, float64 
[ 2022-12-04 10:18:36,643 ] 88 root - INFO - Hypothesis at_000: float64, float64 
[ 2022-12-04 10:18:36,679 ] 88 root - INFO - Hypothesis au_000: float64, float64 
[ 2022-12-04 10:18:36,714 ] 88 root - INFO - Hypothesis av_000: float64, float64 
[ 2022-12-04 10:18:36,754 ] 88 root - INFO - Hypothesis ax_000: float64, float64 
[ 2022-12-04 10:18:36,762 ] 88 root - INFO - Hypothesis ay_000: float64, float64 
[ 2022-12-04 10:18:36,795 ] 88 root - INFO - Hypothesis ay_001: float64, float64 
[ 2022-12-04 10:18:36,830 ] 88 root - INFO - Hypothesis ay_002: float64, float64 
[ 2022-12-04 10:18:36,864 ] 88 root - INFO - Hypothesis ay_003: float64, float64 
[ 2022-12-04 10:18:36,899 ] 88 root - INFO - Hypothesis ay_004: float64, float64 
[ 2022-12-04 10:18:36,933 ] 88 root - INFO - Hypothesis ay_005: float64, float64 
[ 2022-12-04 10:18:36,972 ] 88 root - INFO - Hypothesis ay_006: float64, float64 
[ 2022-12-04 10:18:37,012 ] 88 root - INFO - Hypothesis ay_007: float64, float64 
[ 2022-12-04 10:18:37,023 ] 88 root - INFO - Hypothesis ay_008: float64, float64 
[ 2022-12-04 10:18:37,034 ] 88 root - INFO - Hypothesis ay_009: float64, float64 
[ 2022-12-04 10:18:37,070 ] 88 root - INFO - Hypothesis az_000: float64, float64 
[ 2022-12-04 10:18:37,111 ] 88 root - INFO - Hypothesis az_001: float64, float64 
[ 2022-12-04 10:18:37,151 ] 88 root - INFO - Hypothesis az_002: float64, float64 
[ 2022-12-04 10:18:37,191 ] 88 root - INFO - Hypothesis az_003: float64, float64 
[ 2022-12-04 10:18:37,231 ] 88 root - INFO - Hypothesis az_004: float64, float64 
[ 2022-12-04 10:18:37,272 ] 88 root - INFO - Hypothesis az_005: float64, float64 
[ 2022-12-04 10:18:37,313 ] 88 root - INFO - Hypothesis az_006: float64, float64 
[ 2022-12-04 10:18:37,353 ] 88 root - INFO - Hypothesis az_007: float64, float64 
[ 2022-12-04 10:18:37,390 ] 88 root - INFO - Hypothesis az_008: float64, float64 
[ 2022-12-04 10:18:37,425 ] 88 root - INFO - Hypothesis az_009: float64, float64 
[ 2022-12-04 10:18:37,459 ] 88 root - INFO - Hypothesis ba_000: float64, float64 
[ 2022-12-04 10:18:37,502 ] 88 root - INFO - Hypothesis ba_001: float64, float64 
[ 2022-12-04 10:18:37,512 ] 88 root - INFO - Hypothesis ba_002: float64, float64 
[ 2022-12-04 10:18:37,553 ] 88 root - INFO - Hypothesis ba_003: float64, float64 
[ 2022-12-04 10:18:37,595 ] 88 root - INFO - Hypothesis ba_004: float64, float64 
[ 2022-12-04 10:18:37,635 ] 88 root - INFO - Hypothesis ba_005: float64, float64 
[ 2022-12-04 10:18:37,675 ] 88 root - INFO - Hypothesis ba_006: float64, float64 
[ 2022-12-04 10:18:37,715 ] 88 root - INFO - Hypothesis ba_007: float64, float64 
[ 2022-12-04 10:18:37,724 ] 88 root - INFO - Hypothesis ba_008: float64, float64 
[ 2022-12-04 10:18:37,764 ] 88 root - INFO - Hypothesis ba_009: float64, float64 
[ 2022-12-04 10:18:37,802 ] 88 root - INFO - Hypothesis bb_000: float64, float64 
[ 2022-12-04 10:18:37,843 ] 88 root - INFO - Hypothesis bc_000: float64, float64 
[ 2022-12-04 10:18:37,882 ] 88 root - INFO - Hypothesis bd_000: float64, float64 
[ 2022-12-04 10:18:37,923 ] 88 root - INFO - Hypothesis be_000: float64, float64 
[ 2022-12-04 10:18:37,931 ] 88 root - INFO - Hypothesis bf_000: float64, float64 
[ 2022-12-04 10:18:37,968 ] 88 root - INFO - Hypothesis bg_000: float64, float64 
[ 2022-12-04 10:18:38,009 ] 88 root - INFO - Hypothesis bh_000: float64, float64 
[ 2022-12-04 10:18:38,051 ] 88 root - INFO - Hypothesis bi_000: float64, float64 
[ 2022-12-04 10:18:38,093 ] 88 root - INFO - Hypothesis bj_000: float64, float64 
[ 2022-12-04 10:18:38,104 ] 88 root - INFO - Hypothesis bs_000: float64, float64 
[ 2022-12-04 10:18:38,146 ] 88 root - INFO - Hypothesis bt_000: float64, float64 
[ 2022-12-04 10:18:38,186 ] 88 root - INFO - Hypothesis bu_000: float64, float64 
[ 2022-12-04 10:18:38,227 ] 88 root - INFO - Hypothesis bv_000: float64, float64 
[ 2022-12-04 10:18:38,272 ] 88 root - INFO - Hypothesis bx_000: float64, float64 
[ 2022-12-04 10:18:38,314 ] 88 root - INFO - Hypothesis by_000: float64, float64 
[ 2022-12-04 10:18:38,354 ] 88 root - INFO - Hypothesis bz_000: float64, float64 
[ 2022-12-04 10:18:38,394 ] 88 root - INFO - Hypothesis ca_000: float64, float64 
[ 2022-12-04 10:18:38,404 ] 88 root - INFO - Hypothesis cb_000: float64, float64 
[ 2022-12-04 10:18:38,446 ] 88 root - INFO - Hypothesis cc_000: float64, float64 
[ 2022-12-04 10:18:38,488 ] 88 root - INFO - Hypothesis cd_000: float64, float64 
[ 2022-12-04 10:18:38,524 ] 88 root - INFO - Hypothesis ce_000: float64, float64 
[ 2022-12-04 10:18:38,564 ] 88 root - INFO - Hypothesis ci_000: float64, float64 
[ 2022-12-04 10:18:38,605 ] 88 root - INFO - Hypothesis cj_000: float64, float64 
[ 2022-12-04 10:18:38,641 ] 88 root - INFO - Hypothesis ck_000: float64, float64 
[ 2022-12-04 10:18:38,681 ] 88 root - INFO - Hypothesis cl_000: float64, float64 
[ 2022-12-04 10:18:38,717 ] 88 root - INFO - Hypothesis cm_000: float64, float64 
[ 2022-12-04 10:18:38,755 ] 88 root - INFO - Hypothesis cn_000: float64, float64 
[ 2022-12-04 10:18:38,790 ] 88 root - INFO - Hypothesis cn_001: float64, float64 
[ 2022-12-04 10:18:38,826 ] 88 root - INFO - Hypothesis cn_002: float64, float64 
[ 2022-12-04 10:18:38,865 ] 88 root - INFO - Hypothesis cn_003: float64, float64 
[ 2022-12-04 10:18:38,907 ] 88 root - INFO - Hypothesis cn_004: float64, float64 
[ 2022-12-04 10:18:38,948 ] 88 root - INFO - Hypothesis cn_005: float64, float64 
[ 2022-12-04 10:18:38,989 ] 88 root - INFO - Hypothesis cn_006: float64, float64 
[ 2022-12-04 10:18:39,029 ] 88 root - INFO - Hypothesis cn_007: float64, float64 
[ 2022-12-04 10:18:39,070 ] 88 root - INFO - Hypothesis cn_008: float64, float64 
[ 2022-12-04 10:18:39,110 ] 88 root - INFO - Hypothesis cn_009: float64, float64 
[ 2022-12-04 10:18:39,118 ] 88 root - INFO - Hypothesis cp_000: float64, float64 
[ 2022-12-04 10:18:39,126 ] 88 root - INFO - Hypothesis cq_000: float64, float64 
[ 2022-12-04 10:18:39,167 ] 88 root - INFO - Hypothesis cs_000: float64, float64 
[ 2022-12-04 10:18:39,208 ] 88 root - INFO - Hypothesis cs_001: float64, float64 
[ 2022-12-04 10:18:39,248 ] 88 root - INFO - Hypothesis cs_002: float64, float64 
[ 2022-12-04 10:18:39,289 ] 88 root - INFO - Hypothesis cs_003: float64, float64 
[ 2022-12-04 10:18:39,330 ] 88 root - INFO - Hypothesis cs_004: float64, float64 
[ 2022-12-04 10:18:39,371 ] 88 root - INFO - Hypothesis cs_005: float64, float64 
[ 2022-12-04 10:18:39,415 ] 88 root - INFO - Hypothesis cs_006: float64, float64 
[ 2022-12-04 10:18:39,456 ] 88 root - INFO - Hypothesis cs_007: float64, float64 
[ 2022-12-04 10:18:39,497 ] 88 root - INFO - Hypothesis cs_008: float64, float64 
[ 2022-12-04 10:18:39,536 ] 88 root - INFO - Hypothesis cs_009: float64, float64 
[ 2022-12-04 10:18:39,571 ] 88 root - INFO - Hypothesis dd_000: float64, float64 
[ 2022-12-04 10:18:39,611 ] 88 root - INFO - Hypothesis de_000: float64, float64 
[ 2022-12-04 10:18:39,620 ] 88 root - INFO - Hypothesis df_000: float64, float64 
[ 2022-12-04 10:18:39,654 ] 88 root - INFO - Hypothesis dg_000: float64, float64 
[ 2022-12-04 10:18:39,689 ] 88 root - INFO - Hypothesis dh_000: float64, float64 
[ 2022-12-04 10:18:39,724 ] 88 root - INFO - Hypothesis di_000: float64, float64 
[ 2022-12-04 10:18:39,763 ] 88 root - INFO - Hypothesis dj_000: float64, float64 
[ 2022-12-04 10:18:39,798 ] 88 root - INFO - Hypothesis dk_000: float64, float64 
[ 2022-12-04 10:18:39,833 ] 88 root - INFO - Hypothesis dl_000: float64, float64 
[ 2022-12-04 10:18:39,870 ] 88 root - INFO - Hypothesis dm_000: float64, float64 
[ 2022-12-04 10:18:39,905 ] 88 root - INFO - Hypothesis dn_000: float64, float64 
[ 2022-12-04 10:18:39,946 ] 88 root - INFO - Hypothesis do_000: float64, float64 
[ 2022-12-04 10:18:39,987 ] 88 root - INFO - Hypothesis dp_000: float64, float64 
[ 2022-12-04 10:18:40,026 ] 88 root - INFO - Hypothesis dq_000: float64, float64 
[ 2022-12-04 10:18:40,064 ] 88 root - INFO - Hypothesis dr_000: float64, float64 
[ 2022-12-04 10:18:40,100 ] 88 root - INFO - Hypothesis ds_000: float64, float64 
[ 2022-12-04 10:18:40,141 ] 88 root - INFO - Hypothesis dt_000: float64, float64 
[ 2022-12-04 10:18:40,152 ] 88 root - INFO - Hypothesis du_000: float64, float64 
[ 2022-12-04 10:18:40,162 ] 88 root - INFO - Hypothesis dv_000: float64, float64 
[ 2022-12-04 10:18:40,172 ] 88 root - INFO - Hypothesis dx_000: float64, float64 
[ 2022-12-04 10:18:40,210 ] 88 root - INFO - Hypothesis dy_000: float64, float64 
[ 2022-12-04 10:18:40,247 ] 88 root - INFO - Hypothesis dz_000: float64, float64 
[ 2022-12-04 10:18:40,282 ] 88 root - INFO - Hypothesis ea_000: float64, float64 
[ 2022-12-04 10:18:40,317 ] 88 root - INFO - Hypothesis eb_000: float64, float64 
[ 2022-12-04 10:18:40,358 ] 88 root - INFO - Hypothesis ec_00: float64, float64 
[ 2022-12-04 10:18:40,398 ] 88 root - INFO - Hypothesis ed_000: float64, float64 
[ 2022-12-04 10:18:40,441 ] 88 root - INFO - Hypothesis ee_000: float64, float64 
[ 2022-12-04 10:18:40,483 ] 88 root - INFO - Hypothesis ee_001: float64, float64 
[ 2022-12-04 10:18:40,525 ] 88 root - INFO - Hypothesis ee_002: float64, float64 
[ 2022-12-04 10:18:40,566 ] 88 root - INFO - Hypothesis ee_003: float64, float64 
[ 2022-12-04 10:18:40,607 ] 88 root - INFO - Hypothesis ee_004: float64, float64 
[ 2022-12-04 10:18:40,617 ] 88 root - INFO - Hypothesis ee_005: float64, float64 
[ 2022-12-04 10:18:40,658 ] 88 root - INFO - Hypothesis ee_006: float64, float64 
[ 2022-12-04 10:18:40,668 ] 88 root - INFO - Hypothesis ee_007: float64, float64 
[ 2022-12-04 10:18:40,677 ] 88 root - INFO - Hypothesis ee_008: float64, float64 
[ 2022-12-04 10:18:40,779 ] 88 root - INFO - Hypothesis ee_009: float64, float64 
[ 2022-12-04 10:18:40,818 ] 88 root - INFO - Hypothesis ef_000: float64, float64 
[ 2022-12-04 10:18:40,853 ] 88 root - INFO - Hypothesis eg_000: float64, float64 
[ 2022-12-04 10:18:40,888 ] 143 root - INFO - As all column are available in test df hence detecting data drift
[ 2022-12-04 10:18:40,888 ] 88 root - INFO - Hypothesis class: object, object 
[ 2022-12-04 10:18:40,962 ] 88 root - INFO - Hypothesis aa_000: float64, float64 
[ 2022-12-04 10:18:40,969 ] 88 root - INFO - Hypothesis ac_000: float64, float64 
[ 2022-12-04 10:18:40,975 ] 88 root - INFO - Hypothesis ae_000: float64, float64 
[ 2022-12-04 10:18:40,978 ] 88 root - INFO - Hypothesis af_000: float64, float64 
[ 2022-12-04 10:18:40,981 ] 88 root - INFO - Hypothesis ag_000: float64, float64 
[ 2022-12-04 10:18:40,996 ] 88 root - INFO - Hypothesis ag_001: float64, float64 
[ 2022-12-04 10:18:41,011 ] 88 root - INFO - Hypothesis ag_002: float64, float64 
[ 2022-12-04 10:18:41,027 ] 88 root - INFO - Hypothesis ag_003: float64, float64 
[ 2022-12-04 10:18:41,031 ] 88 root - INFO - Hypothesis ag_004: float64, float64 
[ 2022-12-04 10:18:41,038 ] 88 root - INFO - Hypothesis ag_005: float64, float64 
[ 2022-12-04 10:18:41,045 ] 88 root - INFO - Hypothesis ag_006: float64, float64 
[ 2022-12-04 10:18:41,052 ] 88 root - INFO - Hypothesis ag_007: float64, float64 
[ 2022-12-04 10:18:41,059 ] 88 root - INFO - Hypothesis ag_008: float64, float64 
[ 2022-12-04 10:18:41,065 ] 88 root - INFO - Hypothesis ag_009: float64, float64 
[ 2022-12-04 10:18:41,070 ] 88 root - INFO - Hypothesis ah_000: float64, float64 
[ 2022-12-04 10:18:41,077 ] 88 root - INFO - Hypothesis ai_000: float64, float64 
[ 2022-12-04 10:18:41,080 ] 88 root - INFO - Hypothesis aj_000: float64, float64 
[ 2022-12-04 10:18:41,096 ] 88 root - INFO - Hypothesis ak_000: float64, float64 
[ 2022-12-04 10:18:41,111 ] 88 root - INFO - Hypothesis al_000: float64, float64 
[ 2022-12-04 10:18:41,117 ] 88 root - INFO - Hypothesis am_0: float64, float64 
[ 2022-12-04 10:18:41,121 ] 88 root - INFO - Hypothesis an_000: float64, float64 
[ 2022-12-04 10:18:41,129 ] 88 root - INFO - Hypothesis ao_000: float64, float64 
[ 2022-12-04 10:18:41,136 ] 88 root - INFO - Hypothesis ap_000: float64, float64 
[ 2022-12-04 10:18:41,143 ] 88 root - INFO - Hypothesis aq_000: float64, float64 
[ 2022-12-04 10:18:41,150 ] 88 root - INFO - Hypothesis ar_000: float64, float64 
[ 2022-12-04 10:18:41,153 ] 88 root - INFO - Hypothesis as_000: float64, float64 
[ 2022-12-04 10:18:41,167 ] 88 root - INFO - Hypothesis at_000: float64, float64 
[ 2022-12-04 10:18:41,182 ] 88 root - INFO - Hypothesis au_000: float64, float64 
[ 2022-12-04 10:18:41,196 ] 88 root - INFO - Hypothesis av_000: float64, float64 
[ 2022-12-04 10:18:41,202 ] 88 root - INFO - Hypothesis ax_000: float64, float64 
[ 2022-12-04 10:18:41,208 ] 88 root - INFO - Hypothesis ay_000: float64, float64 
[ 2022-12-04 10:18:41,222 ] 88 root - INFO - Hypothesis ay_001: float64, float64 
[ 2022-12-04 10:18:41,237 ] 88 root - INFO - Hypothesis ay_002: float64, float64 
[ 2022-12-04 10:18:41,252 ] 88 root - INFO - Hypothesis ay_003: float64, float64 
[ 2022-12-04 10:18:41,267 ] 88 root - INFO - Hypothesis ay_004: float64, float64 
[ 2022-12-04 10:18:41,270 ] 88 root - INFO - Hypothesis ay_005: float64, float64 
[ 2022-12-04 10:18:41,276 ] 88 root - INFO - Hypothesis ay_006: float64, float64 
[ 2022-12-04 10:18:41,282 ] 88 root - INFO - Hypothesis ay_007: float64, float64 
[ 2022-12-04 10:18:41,289 ] 88 root - INFO - Hypothesis ay_008: float64, float64 
[ 2022-12-04 10:18:41,296 ] 88 root - INFO - Hypothesis ay_009: float64, float64 
[ 2022-12-04 10:18:41,311 ] 88 root - INFO - Hypothesis az_000: float64, float64 
[ 2022-12-04 10:18:41,318 ] 88 root - INFO - Hypothesis az_001: float64, float64 
[ 2022-12-04 10:18:41,325 ] 88 root - INFO - Hypothesis az_002: float64, float64 
[ 2022-12-04 10:18:41,331 ] 88 root - INFO - Hypothesis az_003: float64, float64 
[ 2022-12-04 10:18:41,339 ] 88 root - INFO - Hypothesis az_004: float64, float64 
[ 2022-12-04 10:18:41,345 ] 88 root - INFO - Hypothesis az_005: float64, float64 
[ 2022-12-04 10:18:41,353 ] 88 root - INFO - Hypothesis az_006: float64, float64 
[ 2022-12-04 10:18:41,359 ] 88 root - INFO - Hypothesis az_007: float64, float64 
[ 2022-12-04 10:18:41,374 ] 88 root - INFO - Hypothesis az_008: float64, float64 
[ 2022-12-04 10:18:41,378 ] 88 root - INFO - Hypothesis az_009: float64, float64 
[ 2022-12-04 10:18:41,394 ] 88 root - INFO - Hypothesis ba_000: float64, float64 
[ 2022-12-04 10:18:41,402 ] 88 root - INFO - Hypothesis ba_001: float64, float64 
[ 2022-12-04 10:18:41,409 ] 88 root - INFO - Hypothesis ba_002: float64, float64 
[ 2022-12-04 10:18:41,416 ] 88 root - INFO - Hypothesis ba_003: float64, float64 
[ 2022-12-04 10:18:41,423 ] 88 root - INFO - Hypothesis ba_004: float64, float64 
[ 2022-12-04 10:18:41,431 ] 88 root - INFO - Hypothesis ba_005: float64, float64 
[ 2022-12-04 10:18:41,437 ] 88 root - INFO - Hypothesis ba_006: float64, float64 
[ 2022-12-04 10:18:41,444 ] 88 root - INFO - Hypothesis ba_007: float64, float64 
[ 2022-12-04 10:18:41,451 ] 88 root - INFO - Hypothesis ba_008: float64, float64 
[ 2022-12-04 10:18:41,456 ] 88 root - INFO - Hypothesis ba_009: float64, float64 
[ 2022-12-04 10:18:41,473 ] 88 root - INFO - Hypothesis bb_000: float64, float64 
[ 2022-12-04 10:18:41,480 ] 88 root - INFO - Hypothesis bc_000: float64, float64 
[ 2022-12-04 10:18:41,487 ] 88 root - INFO - Hypothesis bd_000: float64, float64 
[ 2022-12-04 10:18:41,493 ] 88 root - INFO - Hypothesis be_000: float64, float64 
[ 2022-12-04 10:18:41,499 ] 88 root - INFO - Hypothesis bf_000: float64, float64 
[ 2022-12-04 10:18:41,515 ] 88 root - INFO - Hypothesis bg_000: float64, float64 
[ 2022-12-04 10:18:41,522 ] 88 root - INFO - Hypothesis bh_000: float64, float64 
[ 2022-12-04 10:18:41,529 ] 88 root - INFO - Hypothesis bi_000: float64, float64 
[ 2022-12-04 10:18:41,536 ] 88 root - INFO - Hypothesis bj_000: float64, float64 
[ 2022-12-04 10:18:41,543 ] 88 root - INFO - Hypothesis bs_000: float64, float64 
[ 2022-12-04 10:18:41,550 ] 88 root - INFO - Hypothesis bt_000: float64, float64 
[ 2022-12-04 10:18:41,557 ] 88 root - INFO - Hypothesis bu_000: float64, float64 
[ 2022-12-04 10:18:41,564 ] 88 root - INFO - Hypothesis bv_000: float64, float64 
[ 2022-12-04 10:18:41,571 ] 88 root - INFO - Hypothesis bx_000: float64, float64 
[ 2022-12-04 10:18:41,578 ] 88 root - INFO - Hypothesis by_000: float64, float64 
[ 2022-12-04 10:18:41,585 ] 88 root - INFO - Hypothesis bz_000: float64, float64 
[ 2022-12-04 10:18:41,591 ] 88 root - INFO - Hypothesis ca_000: float64, float64 
[ 2022-12-04 10:18:41,597 ] 88 root - INFO - Hypothesis cb_000: float64, float64 
[ 2022-12-04 10:18:41,604 ] 88 root - INFO - Hypothesis cc_000: float64, float64 
[ 2022-12-04 10:18:41,611 ] 88 root - INFO - Hypothesis cd_000: float64, float64 
[ 2022-12-04 10:18:41,626 ] 88 root - INFO - Hypothesis ce_000: float64, float64 
[ 2022-12-04 10:18:41,632 ] 88 root - INFO - Hypothesis ci_000: float64, float64 
[ 2022-12-04 10:18:41,639 ] 88 root - INFO - Hypothesis cj_000: float64, float64 
[ 2022-12-04 10:18:41,643 ] 88 root - INFO - Hypothesis ck_000: float64, float64 
[ 2022-12-04 10:18:41,650 ] 88 root - INFO - Hypothesis cl_000: float64, float64 
[ 2022-12-04 10:18:41,666 ] 88 root - INFO - Hypothesis cm_000: float64, float64 
[ 2022-12-04 10:18:41,670 ] 88 root - INFO - Hypothesis cn_000: float64, float64 
[ 2022-12-04 10:18:41,685 ] 88 root - INFO - Hypothesis cn_001: float64, float64 
[ 2022-12-04 10:18:41,689 ] 88 root - INFO - Hypothesis cn_002: float64, float64 
[ 2022-12-04 10:18:41,694 ] 88 root - INFO - Hypothesis cn_003: float64, float64 
[ 2022-12-04 10:18:41,701 ] 88 root - INFO - Hypothesis cn_004: float64, float64 
[ 2022-12-04 10:18:41,708 ] 88 root - INFO - Hypothesis cn_005: float64, float64 
[ 2022-12-04 10:18:41,715 ] 88 root - INFO - Hypothesis cn_006: float64, float64 
[ 2022-12-04 10:18:41,721 ] 88 root - INFO - Hypothesis cn_007: float64, float64 
[ 2022-12-04 10:18:41,728 ] 88 root - INFO - Hypothesis cn_008: float64, float64 
[ 2022-12-04 10:18:41,734 ] 88 root - INFO - Hypothesis cn_009: float64, float64 
[ 2022-12-04 10:18:41,739 ] 88 root - INFO - Hypothesis cp_000: float64, float64 
[ 2022-12-04 10:18:41,744 ] 88 root - INFO - Hypothesis cq_000: float64, float64 
[ 2022-12-04 10:18:41,751 ] 88 root - INFO - Hypothesis cs_000: float64, float64 
[ 2022-12-04 10:18:41,757 ] 88 root - INFO - Hypothesis cs_001: float64, float64 
[ 2022-12-04 10:18:41,763 ] 88 root - INFO - Hypothesis cs_002: float64, float64 
[ 2022-12-04 10:18:41,770 ] 88 root - INFO - Hypothesis cs_003: float64, float64 
[ 2022-12-04 10:18:41,777 ] 88 root - INFO - Hypothesis cs_004: float64, float64 
[ 2022-12-04 10:18:41,783 ] 88 root - INFO - Hypothesis cs_005: float64, float64 
[ 2022-12-04 10:18:41,790 ] 88 root - INFO - Hypothesis cs_006: float64, float64 
[ 2022-12-04 10:18:41,797 ] 88 root - INFO - Hypothesis cs_007: float64, float64 
[ 2022-12-04 10:18:41,804 ] 88 root - INFO - Hypothesis cs_008: float64, float64 
[ 2022-12-04 10:18:41,809 ] 88 root - INFO - Hypothesis cs_009: float64, float64 
[ 2022-12-04 10:18:41,824 ] 88 root - INFO - Hypothesis dd_000: float64, float64 
[ 2022-12-04 10:18:41,830 ] 88 root - INFO - Hypothesis de_000: float64, float64 
[ 2022-12-04 10:18:41,836 ] 88 root - INFO - Hypothesis df_000: float64, float64 
[ 2022-12-04 10:18:41,850 ] 88 root - INFO - Hypothesis dg_000: float64, float64 
[ 2022-12-04 10:18:41,867 ] 88 root - INFO - Hypothesis dh_000: float64, float64 
[ 2022-12-04 10:18:41,871 ] 88 root - INFO - Hypothesis di_000: float64, float64 
[ 2022-12-04 10:18:41,875 ] 88 root - INFO - Hypothesis dj_000: float64, float64 
[ 2022-12-04 10:18:41,890 ] 88 root - INFO - Hypothesis dk_000: float64, float64 
[ 2022-12-04 10:18:41,905 ] 88 root - INFO - Hypothesis dl_000: float64, float64 
[ 2022-12-04 10:18:41,920 ] 88 root - INFO - Hypothesis dm_000: float64, float64 
[ 2022-12-04 10:18:41,934 ] 88 root - INFO - Hypothesis dn_000: float64, float64 
[ 2022-12-04 10:18:41,941 ] 88 root - INFO - Hypothesis do_000: float64, float64 
[ 2022-12-04 10:18:41,947 ] 88 root - INFO - Hypothesis dp_000: float64, float64 
[ 2022-12-04 10:18:41,953 ] 88 root - INFO - Hypothesis dq_000: float64, float64 
[ 2022-12-04 10:18:41,958 ] 88 root - INFO - Hypothesis dr_000: float64, float64 
[ 2022-12-04 10:18:41,962 ] 88 root - INFO - Hypothesis ds_000: float64, float64 
[ 2022-12-04 10:18:41,969 ] 88 root - INFO - Hypothesis dt_000: float64, float64 
[ 2022-12-04 10:18:41,976 ] 88 root - INFO - Hypothesis du_000: float64, float64 
[ 2022-12-04 10:18:41,982 ] 88 root - INFO - Hypothesis dv_000: float64, float64 
[ 2022-12-04 10:18:41,989 ] 88 root - INFO - Hypothesis dx_000: float64, float64 
[ 2022-12-04 10:18:41,994 ] 88 root - INFO - Hypothesis dy_000: float64, float64 
[ 2022-12-04 10:18:41,998 ] 88 root - INFO - Hypothesis dz_000: float64, float64 
[ 2022-12-04 10:18:42,001 ] 88 root - INFO - Hypothesis ea_000: float64, float64 
[ 2022-12-04 10:18:42,005 ] 88 root - INFO - Hypothesis eb_000: float64, float64 
[ 2022-12-04 10:18:42,011 ] 88 root - INFO - Hypothesis ec_00: float64, float64 
[ 2022-12-04 10:18:42,017 ] 88 root - INFO - Hypothesis ed_000: float64, float64 
[ 2022-12-04 10:18:42,023 ] 88 root - INFO - Hypothesis ee_000: float64, float64 
[ 2022-12-04 10:18:42,030 ] 88 root - INFO - Hypothesis ee_001: float64, float64 
[ 2022-12-04 10:18:42,037 ] 88 root - INFO - Hypothesis ee_002: float64, float64 
[ 2022-12-04 10:18:42,044 ] 88 root - INFO - Hypothesis ee_003: float64, float64 
[ 2022-12-04 10:18:42,051 ] 88 root - INFO - Hypothesis ee_004: float64, float64 
[ 2022-12-04 10:18:42,058 ] 88 root - INFO - Hypothesis ee_005: float64, float64 
[ 2022-12-04 10:18:42,065 ] 88 root - INFO - Hypothesis ee_006: float64, float64 
[ 2022-12-04 10:18:42,071 ] 88 root - INFO - Hypothesis ee_007: float64, float64 
[ 2022-12-04 10:18:42,078 ] 88 root - INFO - Hypothesis ee_008: float64, float64 
[ 2022-12-04 10:18:42,084 ] 88 root - INFO - Hypothesis ee_009: float64, float64 
[ 2022-12-04 10:18:42,089 ] 88 root - INFO - Hypothesis ef_000: float64, float64 
[ 2022-12-04 10:18:42,092 ] 88 root - INFO - Hypothesis eg_000: float64, float64 
[ 2022-12-04 10:18:42,095 ] 147 root - INFO - Write reprt in yaml file
[ 2022-12-04 10:18:42,161 ] 152 root - INFO - Data validation artifact: DataValidationArtifact(report_file_path='/config/workspace/artifact/12042022__101815/data_validation/report.yaml')
